{
  "RSpec": {
    "coverage": {
      "E:/NU/Software Engineering/Final_Exam/final/app/controllers/application_controller.rb": [
        1,
        1,
        null
      ],
      "E:/NU/Software Engineering/Final_Exam/final/app/helpers/application_helper.rb": [
        1,
        null
      ],
      "E:/NU/Software Engineering/Final_Exam/final/app/helpers/sales_helper.rb": [
        1,
        null
      ],
      "E:/NU/Software Engineering/Final_Exam/final/app/controllers/sales_controller.rb": [
        1,
        null,
        null,
        1,
        null,
        0,
        0,
        0,
        0,
        null,
        null,
        null,
        null,
        null,
        1,
        0,
        null,
        0,
        0,
        0,
        null,
        null,
        null,
        null,
        null,
        1,
        0,
        null,
        0,
        0,
        0,
        null,
        null,
        null,
        null,
        1,
        0,
        null,
        null,
        null,
        null,
        1,
        0,
        null,
        0,
        0,
        0,
        0,
        null,
        0,
        0,
        null,
        null,
        null,
        null,
        null,
        null,
        1,
        0,
        null,
        0,
        0,
        0,
        0,
        null,
        0,
        0,
        null,
        null,
        null,
        null,
        null,
        null,
        1,
        0,
        0,
        null,
        0,
        0,
        0,
        null,
        null,
        null
      ],
      "E:/NU/Software Engineering/Final_Exam/final/app/models/sale.rb": [
        1,
        1,
        null,
        1,
        null,
        null,
        3,
        null,
        3,
        null,
        null,
        null
      ]
    },
    "timestamp": 1421000794
  }
}
